[WARNING] [SIMULATION] 2026-06-28 10:18:11.108142-04:00 Bootstrapping Runtime | Mode=SIMULATION
[WARNING] [SIMULATION] 2026-06-28 10:18:11.137210-04:00 Creating OMS | Mode=SIMULATION
[WARNING] [SIMULATION] 2026-06-28 10:18:11.137864-04:00 #################################
####### SIMULATION MODE ########
#################################
[WARNING] [SIMULATION] 2026-06-28 10:18:11.140691-04:00 Creating Market Data Service | Mode=SIMULATION
[WARNING] [SIMULATION] 2026-06-28 10:18:11.141372-04:00 Using Simulation Market Data
[WARNING] [SIMULATION] 2026-06-28 10:18:11.143312-04:00 Broker Reconciliation Disabled For Simulation Runtime
[ERROR] [SIMULATION] 2026-06-28 10:18:11.156598-04:00 Recovery Failed | no such column: updated_at
[WARNING] [SIMULATION] 2026-06-28 10:18:11.159220-04:00 Starting Simulation Market | Symbols=['MSFT', 'AAPL', 'NVDA']
[WARNING] [SIMULATION] 2026-06-28 10:18:14.188958-04:00 Platform Fully Started
[WARNING] [SIMULATION] 2026-06-28 10:18:14.190201-04:00 FastAPI: http://127.0.0.1:8000
[WARNING] [SIMULATION] 2026-06-28 10:18:14.193598-04:00 Dashboard: http://127.0.0.1:8501
[WARNING] [SIMULATION] 2026-06-28 10:20:00.425789-04:00 System Interrupted
[WARNING] [SIMULATION] 2026-06-28 10:20:00.428728-04:00 Dashboard Stopped
[WARNING] [SIMULATION] 2026-06-28 10:20:00.431313-04:00 Runtime Shutdown Started
[WARNING] [SIMULATION] 2026-06-28 10:20:00.435826-04:00 Execution Worker Halted
[WARNING] [SIMULATION] 2026-06-28 10:20:00.438545-04:00 Simulation Market Generator Stopped
[WARNING] [SIMULATION] 2026-06-28 10:20:00.449230-04:00 Runtime Shutdown Complete
[WARNING] [SIMULATION] 2026-06-28 10:20:00.454617-04:00 Runtime Shutdown Complete
[WARNING] [SIMULATION] 2026-06-28 10:20:00.458813-04:00 Platform Shutdown Complete
[WARNING] [SIMULATION] 2026-06-28 10:32:07.723879-04:00 Launching Trading Runtime
[WARNING] [SIMULATION] 2026-06-28 10:32:07.742953-04:00 Bootstrapping Runtime | Mode=SIMULATION
[WARNING] [SIMULATION] 2026-06-28 10:32:07.757935-04:00 Creating OMS | Mode=SIMULATION
[WARNING] [SIMULATION] 2026-06-28 10:32:07.758701-04:00 #################################
####### SIMULATION MODE ########
#################################
[WARNING] [SIMULATION] 2026-06-28 10:32:07.762206-04:00 Creating Market Data Service | Mode=SIMULATION
[WARNING] [SIMULATION] 2026-06-28 10:32:07.762872-04:00 Using Simulation Market Data
[WARNING] [SIMULATION] 2026-06-28 10:32:07.765046-04:00 Broker Reconciliation Disabled For Simulation Runtime
[WARNING] [SIMULATION] 2026-06-28 10:32:07.781414-04:00 Starting Simulation Market | Symbols=['MSFT', 'AAPL', 'NVDA']
[WARNING] [SIMULATION] 2026-06-28 10:32:07.791174-04:00 FASTAPI Runtime Mode | SIMULATION
[WARNING] [SIMULATION] 2026-06-28 10:32:10.805196-04:00 Platform Fully Started
[WARNING] [SIMULATION] 2026-06-28 10:32:10.807954-04:00 FastAPI: http://127.0.0.1:8000
[WARNING] [SIMULATION] 2026-06-28 10:32:10.810833-04:00 Dashboard: http://127.0.0.1:8501
[ERROR] [SIMULATION] 2026-06-28 10:32:15.870688-04:00 WebSocket Send Failed | Object of type datetime is not JSON serializable
[WARNING] [SIMULATION] 2026-06-28 10:32:15.871898-04:00 WebSocket Disconnected | Clients=0
[WARNING] [SIMULATION] 2026-06-28 10:32:29.580934-04:00 WebSocket Disconnected | Clients=0
[WARNING] [SIMULATION] 2026-06-28 10:35:00.165931-04:00 System Interrupted
[WARNING] [SIMULATION] 2026-06-28 10:35:00.167341-04:00 Dashboard Stopped
[WARNING] [SIMULATION] 2026-06-28 10:35:00.168836-04:00 Runtime Shutdown Started
[WARNING] [SIMULATION] 2026-06-28 10:35:00.169653-04:00 Execution Worker Halted
[WARNING] [SIMULATION] 2026-06-28 10:35:00.170326-04:00 Simulation Market Generator Stopped
[WARNING] [SIMULATION] 2026-06-28 10:35:00.171869-04:00 Runtime Shutdown Complete
[WARNING] [SIMULATION] 2026-06-28 10:35:00.173009-04:00 Runtime Shutdown Complete
[WARNING] [SIMULATION] 2026-06-28 10:35:00.172929-04:00 WebSocket Disconnected | Clients=0
[WARNING] [SIMULATION] 2026-06-28 10:35:00.173990-04:00 Platform Shutdown Complete
[WARNING] [SIMULATION] 2026-06-28 10:44:51.983459-04:00 Launching Trading Runtime
[WARNING] [SIMULATION] 2026-06-28 10:44:51.986518-04:00 Bootstrapping Runtime | Mode=SIMULATION
[WARNING] [SIMULATION] 2026-06-28 10:44:51.997865-04:00 Creating OMS | Mode=SIMULATION
[WARNING] [SIMULATION] 2026-06-28 10:44:51.998558-04:00 #################################
####### SIMULATION MODE ########
#################################
[WARNING] [SIMULATION] 2026-06-28 10:44:52.001229-04:00 Creating Market Data Service | Mode=SIMULATION
[WARNING] [SIMULATION] 2026-06-28 10:44:52.001911-04:00 Using Simulation Market Data
[WARNING] [SIMULATION] 2026-06-28 10:44:52.003711-04:00 Broker Reconciliation Disabled For Simulation Runtime
[WARNING] [SIMULATION] 2026-06-28 10:44:52.018973-04:00 Starting Simulation Market | Symbols=['NVDA', 'MSFT', 'AAPL']
[WARNING] [SIMULATION] 2026-06-28 10:44:52.026936-04:00 FASTAPI Runtime Mode | SIMULATION
[WARNING] [SIMULATION] 2026-06-28 10:44:55.043326-04:00 Platform Fully Started
[WARNING] [SIMULATION] 2026-06-28 10:44:55.046814-04:00 FastAPI: http://127.0.0.1:8000
[WARNING] [SIMULATION] 2026-06-28 10:44:55.052137-04:00 Dashboard: http://127.0.0.1:8501
[WARNING] [SIMULATION] 2026-06-28 10:46:42.164356-04:00 System Interrupted
[WARNING] [SIMULATION] 2026-06-28 10:46:42.167732-04:00 Dashboard Stopped
[WARNING] [SIMULATION] 2026-06-28 10:46:42.170143-04:00 Runtime Shutdown Started
[WARNING] [SIMULATION] 2026-06-28 10:46:42.172961-04:00 Execution Worker Halted
[WARNING] [SIMULATION] 2026-06-28 10:46:42.175420-04:00 Simulation Market Generator Stopped
[WARNING] [SIMULATION] 2026-06-28 10:46:42.180732-04:00 Runtime Shutdown Complete
[WARNING] [SIMULATION] 2026-06-28 10:46:42.184894-04:00 WebSocket Disconnected | Clients=0
[WARNING] [SIMULATION] 2026-06-28 10:46:42.185079-04:00 Runtime Shutdown Complete
[WARNING] [SIMULATION] 2026-06-28 10:46:42.192783-04:00 Platform Shutdown Complete
[WARNING] [SIMULATION] 2026-06-28 10:48:21.788210-04:00 Launching Trading Runtime
[WARNING] [SIMULATION] 2026-06-28 10:48:21.791293-04:00 Bootstrapping Runtime | Mode=SIMULATION
[WARNING] [SIMULATION] 2026-06-28 10:48:21.803045-04:00 Creating OMS | Mode=SIMULATION
[WARNING] [SIMULATION] 2026-06-28 10:48:21.803818-04:00 #################################
####### SIMULATION MODE ########
#################################
[WARNING] [SIMULATION] 2026-06-28 10:48:21.806733-04:00 Creating Market Data Service | Mode=SIMULATION
[WARNING] [SIMULATION] 2026-06-28 10:48:21.807485-04:00 Using Simulation Market Data
[WARNING] [SIMULATION] 2026-06-28 10:48:21.810755-04:00 Broker Reconciliation Disabled For Simulation Runtime
[WARNING] [SIMULATION] 2026-06-28 10:48:21.826977-04:00 Starting Simulation Market | Symbols=['AAPL', 'MSFT', 'NVDA']
[WARNING] [SIMULATION] 2026-06-28 10:48:21.834298-04:00 FASTAPI Runtime Mode | SIMULATION
[WARNING] [SIMULATION] 2026-06-28 10:48:24.845996-04:00 Platform Fully Started
[WARNING] [SIMULATION] 2026-06-28 10:48:24.846861-04:00 FastAPI: http://127.0.0.1:8000
[WARNING] [SIMULATION] 2026-06-28 10:48:24.847575-04:00 Dashboard: http://127.0.0.1:8501
[WARNING] [SIMULATION] 2026-06-28 10:48:40.459393-04:00 Liquidity Check Failed | NVDA
[WARNING] [SIMULATION] 2026-06-28 10:48:50.465991-04:00 Risk Rejected | Order size exceeds limit
[ERROR] [SIMULATION] 2026-06-28 10:48:50.468344-04:00 Fake Broker Insufficient Cash | Required=345960.0 | Cash=100000.0
[ERROR] [SIMULATION] 2026-06-28 10:48:50.471189-04:00 Simulation Broker Submission Failed
[ERROR] [SIMULATION] 2026-06-28 10:48:50.473386-04:00 OMS Submission Failed
[WARNING] [SIMULATION] 2026-06-28 10:49:00.478240-04:00 Risk Rejected | Order size exceeds limit
[ERROR] [SIMULATION] 2026-06-28 10:49:00.479980-04:00 Fake Broker Insufficient Cash | Required=347440.0 | Cash=100000.0
[ERROR] [SIMULATION] 2026-06-28 10:49:00.481069-04:00 Simulation Broker Submission Failed
[ERROR] [SIMULATION] 2026-06-28 10:49:00.482389-04:00 OMS Submission Failed
[WARNING] [SIMULATION] 2026-06-28 10:49:10.486579-04:00 Liquidity Check Failed | NVDA
[WARNING] [SIMULATION] 2026-06-28 10:49:20.490633-04:00 Risk Rejected | Order size exceeds limit
[ERROR] [SIMULATION] 2026-06-28 10:49:20.491544-04:00 Fake Broker Insufficient Cash | Required=346920.0 | Cash=100000.0
[ERROR] [SIMULATION] 2026-06-28 10:49:20.492362-04:00 Simulation Broker Submission Failed
[ERROR] [SIMULATION] 2026-06-28 10:49:20.493160-04:00 OMS Submission Failed
[WARNING] [SIMULATION] 2026-06-28 10:49:30.591567-04:00 Risk Rejected | Order size exceeds limit
[ERROR] [SIMULATION] 2026-06-28 10:49:30.594500-04:00 Fake Broker Insufficient Cash | Required=345560.0 | Cash=100000.0
[ERROR] [SIMULATION] 2026-06-28 10:49:30.596792-04:00 Simulation Broker Submission Failed
[ERROR] [SIMULATION] 2026-06-28 10:49:30.598969-04:00 OMS Submission Failed
[WARNING] [SIMULATION] 2026-06-28 10:49:40.606741-04:00 Risk Rejected | Order size exceeds limit
[ERROR] [SIMULATION] 2026-06-28 10:49:40.609494-04:00 Fake Broker Insufficient Cash | Required=345620.0 | Cash=100000.0
[ERROR] [SIMULATION] 2026-06-28 10:49:40.612213-04:00 Simulation Broker Submission Failed
[ERROR] [SIMULATION] 2026-06-28 10:49:40.614415-04:00 OMS Submission Failed
[WARNING] [SIMULATION] 2026-06-28 10:49:50.621291-04:00 Risk Rejected | Order size exceeds limit
[ERROR] [SIMULATION] 2026-06-28 10:49:50.622705-04:00 Fake Broker Insufficient Cash | Required=347120.0 | Cash=100000.0
[ERROR] [SIMULATION] 2026-06-28 10:49:50.623818-04:00 Simulation Broker Submission Failed
[ERROR] [SIMULATION] 2026-06-28 10:49:50.625474-04:00 OMS Submission Failed
[WARNING] [SIMULATION] 2026-06-28 10:50:00.631148-04:00 Liquidity Check Failed | NVDA
[WARNING] [SIMULATION] 2026-06-28 10:50:10.638622-04:00 Liquidity Check Failed | NVDA
[WARNING] [SIMULATION] 2026-06-28 10:50:50.679542-04:00 Risk Rejected | Order size exceeds limit
[ERROR] [SIMULATION] 2026-06-28 10:50:50.680348-04:00 Fake Broker Insufficient Cash | Required=352220.0 | Cash=100000.0
[ERROR] [SIMULATION] 2026-06-28 10:50:50.680982-04:00 Simulation Broker Submission Failed
[ERROR] [SIMULATION] 2026-06-28 10:50:50.682848-04:00 OMS Submission Failed
[WARNING] [SIMULATION] 2026-06-28 10:51:00.688233-04:00 Risk Rejected | Order size exceeds limit
[ERROR] [SIMULATION] 2026-06-28 10:51:00.689301-04:00 Fake Broker Insufficient Cash | Required=350200.0 | Cash=100000.0
[ERROR] [SIMULATION] 2026-06-28 10:51:00.690164-04:00 Simulation Broker Submission Failed
[ERROR] [SIMULATION] 2026-06-28 10:51:00.691686-04:00 OMS Submission Failed
[WARNING] [SIMULATION] 2026-06-28 10:51:10.696869-04:00 Risk Rejected | Order size exceeds limit
[ERROR] [SIMULATION] 2026-06-28 10:51:10.699229-04:00 Fake Broker Insufficient Cash | Required=351040.0 | Cash=100000.0
[ERROR] [SIMULATION] 2026-06-28 10:51:10.700633-04:00 Simulation Broker Submission Failed
[ERROR] [SIMULATION] 2026-06-28 10:51:10.702343-04:00 OMS Submission Failed
[WARNING] [SIMULATION] 2026-06-28 10:51:12.578501-04:00 System Interrupted
[WARNING] [SIMULATION] 2026-06-28 10:51:12.580863-04:00 Dashboard Stopped
[WARNING] [SIMULATION] 2026-06-28 10:51:12.582495-04:00 Runtime Shutdown Started
[WARNING] [SIMULATION] 2026-06-28 10:51:12.583712-04:00 Execution Worker Halted
[WARNING] [SIMULATION] 2026-06-28 10:51:12.584623-04:00 Simulation Market Generator Stopped
[WARNING] [SIMULATION] 2026-06-28 10:51:12.587054-04:00 Runtime Shutdown Complete
[WARNING] [SIMULATION] 2026-06-28 10:51:12.589681-04:00 Runtime Shutdown Complete
[WARNING] [SIMULATION] 2026-06-28 10:51:12.592070-04:00 Platform Shutdown Complete
[WARNING] [SIMULATION] 2026-06-29 07:55:57.752220-04:00 Launching Trading Runtime
[WARNING] [SIMULATION] 2026-06-29 07:55:57.764956-04:00 Bootstrapping Runtime | Mode=SIMULATION
[WARNING] [SIMULATION] 2026-06-29 07:55:57.800758-04:00 Creating OMS | Mode=SIMULATION
[WARNING] [SIMULATION] 2026-06-29 07:55:57.801455-04:00 #################################
####### SIMULATION MODE ########
#################################
[WARNING] [SIMULATION] 2026-06-29 07:55:57.804793-04:00 Creating Market Data Service | Mode=SIMULATION
[WARNING] [SIMULATION] 2026-06-29 07:55:57.805613-04:00 Using Simulation Market Data
[WARNING] [SIMULATION] 2026-06-29 07:55:57.807392-04:00 Broker Reconciliation Disabled For Simulation Runtime
[WARNING] [SIMULATION] 2026-06-29 07:55:57.825108-04:00 Starting Simulation Market | Symbols=['MSFT', 'NVDA', 'AAPL']
[WARNING] [SIMULATION] 2026-06-29 07:55:57.836130-04:00 FASTAPI Runtime Mode | SIMULATION
[WARNING] [SIMULATION] 2026-06-29 07:56:00.882559-04:00 Platform Fully Started
[WARNING] [SIMULATION] 2026-06-29 07:56:00.888342-04:00 FastAPI: http://127.0.0.1:8000
[WARNING] [SIMULATION] 2026-06-29 07:56:00.894093-04:00 Dashboard: http://127.0.0.1:8501
[WARNING] [SIMULATION] 2026-06-29 07:56:21.873689-04:00 Risk Rejected | Order size exceeds limit
[WARNING] [SIMULATION] 2026-06-29 07:56:31.890561-04:00 Liquidity Check Failed | NVDA
[WARNING] [SIMULATION] 2026-06-29 07:56:41.894198-04:00 Liquidity Check Failed | NVDA
[WARNING] [SIMULATION] 2026-06-29 07:56:51.901500-04:00 Liquidity Check Failed | NVDA
[WARNING] [SIMULATION] 2026-06-29 07:57:01.910428-04:00 Liquidity Check Failed | NVDA
[WARNING] [SIMULATION] 2026-06-29 07:59:34.724566-04:00 System Interrupted
[WARNING] [SIMULATION] 2026-06-29 07:59:34.729242-04:00 Dashboard Stopped
[WARNING] [SIMULATION] 2026-06-29 07:59:34.731238-04:00 Runtime Shutdown Started
[WARNING] [SIMULATION] 2026-06-29 07:59:34.733245-04:00 Execution Worker Halted
[WARNING] [SIMULATION] 2026-06-29 07:59:34.734218-04:00 Simulation Market Generator Stopped
[WARNING] [SIMULATION] 2026-06-29 07:59:34.738015-04:00 Runtime Shutdown Complete
[WARNING] [SIMULATION] 2026-06-29 07:59:34.739035-04:00 Runtime Shutdown Complete
[WARNING] [SIMULATION] 2026-06-29 07:59:34.739685-04:00 WebSocket Disconnected | Clients=0
[WARNING] [SIMULATION] 2026-06-29 07:59:34.740466-04:00 Platform Shutdown Complete
[WARNING] [SIMULATION] 2026-06-29 07:59:54.202141-04:00 Launching Trading Runtime
[WARNING] [SIMULATION] 2026-06-29 07:59:54.205338-04:00 Bootstrapping Runtime | Mode=SIMULATION
[WARNING] [SIMULATION] 2026-06-29 07:59:54.221011-04:00 Creating OMS | Mode=SIMULATION
[WARNING] [SIMULATION] 2026-06-29 07:59:54.221670-04:00 #################################
####### SIMULATION MODE ########
#################################
[WARNING] [SIMULATION] 2026-06-29 07:59:54.225053-04:00 Creating Market Data Service | Mode=SIMULATION
[WARNING] [SIMULATION] 2026-06-29 07:59:54.226329-04:00 Using Simulation Market Data
[WARNING] [SIMULATION] 2026-06-29 07:59:54.231216-04:00 Broker Reconciliation Disabled For Simulation Runtime
[WARNING] [SIMULATION] 2026-06-29 07:59:54.248361-04:00 Starting Simulation Market | Symbols=['AAPL', 'MSFT', 'NVDA']
[WARNING] [SIMULATION] 2026-06-29 07:59:54.259229-04:00 FASTAPI Runtime Mode | SIMULATION
[WARNING] [SIMULATION] 2026-06-29 07:59:57.271298-04:00 Platform Fully Started
[WARNING] [SIMULATION] 2026-06-29 07:59:57.272366-04:00 FastAPI: http://127.0.0.1:8000
[WARNING] [SIMULATION] 2026-06-29 07:59:57.274037-04:00 Dashboard: http://127.0.0.1:8501
[WARNING] [SIMULATION] 2026-06-29 08:03:34.448405-04:00 System Interrupted
[WARNING] [SIMULATION] 2026-06-29 08:03:34.453900-04:00 Dashboard Stopped
[WARNING] [SIMULATION] 2026-06-29 08:03:34.457221-04:00 Runtime Shutdown Started
[WARNING] [SIMULATION] 2026-06-29 08:03:34.458951-04:00 Execution Worker Halted
[WARNING] [SIMULATION] 2026-06-29 08:03:34.461532-04:00 Simulation Market Generator Stopped
[WARNING] [SIMULATION] 2026-06-29 08:03:34.467475-04:00 Runtime Shutdown Complete
[WARNING] [SIMULATION] 2026-06-29 08:03:34.468457-04:00 Runtime Shutdown Complete
[WARNING] [SIMULATION] 2026-06-29 08:03:34.469568-04:00 Platform Shutdown Complete
[WARNING] [SIMULATION] 2026-06-29 08:25:16.961675-04:00 Launching Trading Runtime
[WARNING] [SIMULATION] 2026-06-29 08:25:16.969267-04:00 Bootstrapping Runtime | Mode=SIMULATION
[WARNING] [SIMULATION] 2026-06-29 08:25:16.993472-04:00 Creating OMS | Mode=SIMULATION
[WARNING] [SIMULATION] 2026-06-29 08:25:16.994183-04:00 #################################
####### SIMULATION MODE ########
#################################
[WARNING] [SIMULATION] 2026-06-29 08:25:16.998173-04:00 Creating Market Data Service | Mode=SIMULATION
[WARNING] [SIMULATION] 2026-06-29 08:25:16.999209-04:00 Using Simulation Market Data
[WARNING] [SIMULATION] 2026-06-29 08:25:17.001446-04:00 Broker Reconciliation Disabled For Simulation Runtime
[WARNING] [SIMULATION] 2026-06-29 08:25:17.100571-04:00 Starting Simulation Market | Symbols=['MSFT', 'AAPL', 'NVDA']
[WARNING] [SIMULATION] 2026-06-29 08:25:17.113589-04:00 FASTAPI Runtime Mode | SIMULATION
[WARNING] [SIMULATION] 2026-06-29 08:25:20.122047-04:00 Platform Fully Started
[WARNING] [SIMULATION] 2026-06-29 08:25:20.123276-04:00 FastAPI: http://127.0.0.1:8000
[WARNING] [SIMULATION] 2026-06-29 08:25:20.126454-04:00 Dashboard: http://127.0.0.1:8501
[WARNING] [SIMULATION] 2026-06-29 08:25:35.383360-04:00 Risk Rejected | Order size exceeds limit
[ERROR] [SIMULATION] 2026-06-29 08:25:35.384480-04:00 Fake Broker Insufficient Cash | Required=344000.0 | Cash=100000.0
[ERROR] [SIMULATION] 2026-06-29 08:25:35.385459-04:00 Simulation Broker Submission Failed
[ERROR] [SIMULATION] 2026-06-29 08:25:35.386309-04:00 OMS Submission Failed
[WARNING] [SIMULATION] 2026-06-29 08:25:35.387416-04:00 Execution Slice Failed | 1/5
[WARNING] [SIMULATION] 2026-06-29 08:27:08.523714-04:00 Liquidity Check Failed | NVDA
[WARNING] [SIMULATION] 2026-06-29 08:27:08.524770-04:00 Execution Slice Failed | 1/5
[WARNING] [SIMULATION] 2026-06-29 08:27:28.846064-04:00 Risk Rejected | Order size exceeds limit
[WARNING] [SIMULATION] 2026-06-29 08:27:38.966736-04:00 Risk Rejected | Order size exceeds limit
[WARNING] [SIMULATION] 2026-06-29 08:27:49.017045-04:00 Risk Rejected | Order size exceeds limit
[WARNING] [SIMULATION] 2026-06-29 08:27:59.068939-04:00 Liquidity Check Failed | NVDA
[WARNING] [SIMULATION] 2026-06-29 08:27:59.070490-04:00 Execution Slice Failed | 4/5
[WARNING] [SIMULATION] 2026-06-29 08:27:59.213095-04:00 Liquidity Check Failed | NVDA
[WARNING] [SIMULATION] 2026-06-29 08:27:59.213954-04:00 Execution Slice Failed | 1/5
[WARNING] [SIMULATION] 2026-06-29 08:28:44.056339-04:00 System Interrupted
[WARNING] [SIMULATION] 2026-06-29 08:28:44.058836-04:00 Dashboard Stopped
[WARNING] [SIMULATION] 2026-06-29 08:28:44.060642-04:00 Runtime Shutdown Started
[WARNING] [SIMULATION] 2026-06-29 08:28:44.063618-04:00 Execution Worker Halted
[WARNING] [SIMULATION] 2026-06-29 08:28:44.064874-04:00 Simulation Market Generator Stopped
[WARNING] [SIMULATION] 2026-06-29 08:28:44.067744-04:00 Runtime Shutdown Complete
[WARNING] [SIMULATION] 2026-06-29 08:28:44.071047-04:00 Runtime Shutdown Complete
[WARNING] [SIMULATION] 2026-06-29 08:28:44.073738-04:00 Platform Shutdown Complete
[WARNING] [SIMULATION] 2026-06-29 08:32:40.580395-04:00 Launching Trading Runtime
[WARNING] [SIMULATION] 2026-06-29 08:32:40.584988-04:00 Bootstrapping Runtime | Mode=SIMULATION
[WARNING] [SIMULATION] 2026-06-29 08:32:40.600227-04:00 Creating OMS | Mode=SIMULATION
[WARNING] [SIMULATION] 2026-06-29 08:32:40.601075-04:00 #################################
####### SIMULATION MODE ########
#################################
[WARNING] [SIMULATION] 2026-06-29 08:32:40.604675-04:00 Creating Market Data Service | Mode=SIMULATION
[WARNING] [SIMULATION] 2026-06-29 08:32:40.605702-04:00 Using Simulation Market Data
[WARNING] [SIMULATION] 2026-06-29 08:32:40.607668-04:00 Broker Reconciliation Disabled For Simulation Runtime
[WARNING] [SIMULATION] 2026-06-29 08:32:40.623109-04:00 Starting Simulation Market | Symbols=['NVDA', 'MSFT', 'AAPL']
[WARNING] [SIMULATION] 2026-06-29 08:32:40.630972-04:00 FASTAPI Runtime Mode | SIMULATION
[WARNING] [SIMULATION] 2026-06-29 08:32:43.639594-04:00 Platform Fully Started
[WARNING] [SIMULATION] 2026-06-29 08:32:43.640577-04:00 FastAPI: http://127.0.0.1:8000
[WARNING] [SIMULATION] 2026-06-29 08:32:43.641506-04:00 Dashboard: http://127.0.0.1:8501
[WARNING] [SIMULATION] 2026-06-29 08:32:55.077933-04:00 Risk Rejected | Order size exceeds limit
[WARNING] [SIMULATION] 2026-06-29 08:33:05.104514-04:00 Risk Rejected | Order size exceeds limit
[WARNING] [SIMULATION] 2026-06-29 08:33:15.152363-04:00 Liquidity Check Failed | NVDA
[WARNING] [SIMULATION] 2026-06-29 08:33:15.153406-04:00 Execution Slice Failed | 3/5
[WARNING] [SIMULATION] 2026-06-29 08:33:43.333772-04:00 Liquidity Check Failed | AAPL
[WARNING] [SIMULATION] 2026-06-29 08:33:43.335812-04:00 Execution Slice Failed | 1/5
[WARNING] [SIMULATION] 2026-06-29 08:35:34.699891-04:00 System Interrupted
[WARNING] [SIMULATION] 2026-06-29 08:35:34.704592-04:00 Dashboard Stopped
[WARNING] [SIMULATION] 2026-06-29 08:35:34.710417-04:00 Runtime Shutdown Started
[WARNING] [SIMULATION] 2026-06-29 08:35:34.717076-04:00 Execution Worker Halted
[WARNING] [SIMULATION] 2026-06-29 08:35:34.728188-04:00 Simulation Market Generator Stopped
[WARNING] [SIMULATION] 2026-06-29 08:35:34.732337-04:00 WebSocket Disconnected | Clients=0
[WARNING] [SIMULATION] 2026-06-29 08:35:34.765392-04:00 Runtime Shutdown Complete
[WARNING] [SIMULATION] 2026-06-29 08:35:34.766497-04:00 Runtime Shutdown Complete
[WARNING] [SIMULATION] 2026-06-29 08:35:34.768129-04:00 Platform Shutdown Complete
[WARNING] [SIMULATION] 2026-06-29 08:47:21.521701-04:00 Launching Trading Runtime
[WARNING] [SIMULATION] 2026-06-29 08:47:21.528071-04:00 Bootstrapping Runtime | Mode=SIMULATION
[WARNING] [SIMULATION] 2026-06-29 08:47:21.566624-04:00 Creating OMS | Mode=SIMULATION
[WARNING] [SIMULATION] 2026-06-29 08:47:21.567682-04:00 #################################
####### SIMULATION MODE ########
#################################
[WARNING] [SIMULATION] 2026-06-29 08:47:21.572066-04:00 Creating Market Data Service | Mode=SIMULATION
[WARNING] [SIMULATION] 2026-06-29 08:47:21.572862-04:00 Using Simulation Market Data
[WARNING] [SIMULATION] 2026-06-29 08:47:21.575539-04:00 Broker Reconciliation Disabled For Simulation Runtime
[WARNING] [SIMULATION] 2026-06-29 08:47:21.596942-04:00 Starting Simulation Market | Symbols=['AAPL', 'MSFT', 'NVDA']
[WARNING] [SIMULATION] 2026-06-29 08:47:21.609267-04:00 FASTAPI Runtime Mode | SIMULATION
[WARNING] [SIMULATION] 2026-06-29 08:47:24.636891-04:00 Platform Fully Started
[WARNING] [SIMULATION] 2026-06-29 08:47:24.639968-04:00 FastAPI: http://127.0.0.1:8000
[WARNING] [SIMULATION] 2026-06-29 08:47:24.647147-04:00 Dashboard: http://127.0.0.1:8501
[WARNING] [SIMULATION] 2026-06-29 08:47:42.244257-04:00 Liquidity Check Failed | NVDA
[WARNING] [SIMULATION] 2026-06-29 08:47:42.247477-04:00 Execution Slice Failed | 1/5
[WARNING] [SIMULATION] 2026-06-29 08:48:03.882161-04:00 System Interrupted
[WARNING] [SIMULATION] 2026-06-29 08:48:03.884608-04:00 Dashboard Stopped
[WARNING] [SIMULATION] 2026-06-29 08:48:03.888002-04:00 Runtime Shutdown Started
[WARNING] [SIMULATION] 2026-06-29 08:48:03.889325-04:00 Execution Worker Halted
[WARNING] [SIMULATION] 2026-06-29 08:48:03.890863-04:00 Simulation Market Generator Stopped
[WARNING] [SIMULATION] 2026-06-29 08:48:03.894659-04:00 Runtime Shutdown Complete
[WARNING] [SIMULATION] 2026-06-29 08:48:03.895920-04:00 Runtime Shutdown Complete
[WARNING] [SIMULATION] 2026-06-29 08:48:03.898477-04:00 Platform Shutdown Complete
[WARNING] [SIMULATION] 2026-06-29 08:48:03.899380-04:00 WebSocket Disconnected | Clients=0
[WARNING] [SIMULATION] 2026-06-29 08:59:35.518558-04:00 Launching Trading Runtime
[WARNING] [SIMULATION] 2026-06-29 08:59:35.522401-04:00 Bootstrapping Runtime | Mode=SIMULATION
[WARNING] [SIMULATION] 2026-06-29 08:59:35.546839-04:00 Creating OMS | Mode=SIMULATION
[WARNING] [SIMULATION] 2026-06-29 08:59:35.547720-04:00 #################################
####### SIMULATION MODE ########
#################################
[WARNING] [SIMULATION] 2026-06-29 08:59:35.552653-04:00 Creating Market Data Service | Mode=SIMULATION
[WARNING] [SIMULATION] 2026-06-29 08:59:35.553666-04:00 Using Simulation Market Data
[WARNING] [SIMULATION] 2026-06-29 08:59:35.557989-04:00 Broker Reconciliation Disabled For Simulation Runtime
[WARNING] [SIMULATION] 2026-06-29 08:59:35.603578-04:00 Starting Simulation Market | Symbols=['AAPL', 'NVDA', 'MSFT']
[WARNING] [SIMULATION] 2026-06-29 08:59:35.612775-04:00 FASTAPI Runtime Mode | SIMULATION
[WARNING] [SIMULATION] 2026-06-29 08:59:38.642466-04:00 Platform Fully Started
[WARNING] [SIMULATION] 2026-06-29 08:59:38.644626-04:00 FastAPI: http://127.0.0.1:8000
[WARNING] [SIMULATION] 2026-06-29 08:59:38.646472-04:00 Dashboard: http://127.0.0.1:8501
[WARNING] [SIMULATION] 2026-06-29 09:00:05.061598-04:00 Liquidity Check Failed | NVDA
[WARNING] [SIMULATION] 2026-06-29 09:00:05.064100-04:00 Execution Slice Failed | 1/5
[WARNING] [SIMULATION] 2026-06-29 09:00:25.631638-04:00 Liquidity Check Failed | NVDA
[WARNING] [SIMULATION] 2026-06-29 09:00:25.634652-04:00 Execution Slice Failed | 1/5
[WARNING] [SIMULATION] 2026-06-29 09:00:50.223724-04:00 Risk Rejected | Order size exceeds limit
[WARNING] [SIMULATION] 2026-06-29 09:01:00.263911-04:00 Risk Rejected | Order size exceeds limit
[WARNING] [SIMULATION] 2026-06-29 09:01:10.343740-04:00 Risk Rejected | Order size exceeds limit
[WARNING] [SIMULATION] 2026-06-29 09:01:20.430780-04:00 Liquidity Check Failed | NVDA
[WARNING] [SIMULATION] 2026-06-29 09:01:20.434283-04:00 Execution Slice Failed | 4/5
[WARNING] [SIMULATION] 2026-06-29 09:01:27.414036-04:00 Risk Rejected | Order size exceeds limit
[WARNING] [SIMULATION] 2026-06-29 09:01:37.443229-04:00 Risk Rejected | Order size exceeds limit
[WARNING] [SIMULATION] 2026-06-29 09:01:47.527024-04:00 Liquidity Check Failed | NVDA
[WARNING] [SIMULATION] 2026-06-29 09:01:47.530980-04:00 Execution Slice Failed | 3/5
[WARNING] [SIMULATION] 2026-06-29 09:02:24.587192-04:00 System Interrupted
[WARNING] [SIMULATION] 2026-06-29 09:02:24.591844-04:00 Dashboard Stopped
[WARNING] [SIMULATION] 2026-06-29 09:02:24.597863-04:00 Runtime Shutdown Started
[WARNING] [SIMULATION] 2026-06-29 09:02:24.604503-04:00 Execution Worker Halted
[WARNING] [SIMULATION] 2026-06-29 09:02:24.607134-04:00 Simulation Market Generator Stopped
[WARNING] [SIMULATION] 2026-06-29 09:02:24.612446-04:00 WebSocket Disconnected | Clients=0
[WARNING] [SIMULATION] 2026-06-29 09:02:24.616437-04:00 Runtime Shutdown Complete
[WARNING] [SIMULATION] 2026-06-29 09:02:24.618737-04:00 Runtime Shutdown Complete
[WARNING] [SIMULATION] 2026-06-29 09:02:24.620183-04:00 Platform Shutdown Complete
[WARNING] [SIMULATION] 2026-06-29 20:56:23.777723-04:00 Launching Trading Runtime
[WARNING] [SIMULATION] 2026-06-29 20:56:23.790415-04:00 Bootstrapping Runtime | Mode=SIMULATION
[WARNING] [SIMULATION] 2026-06-29 20:56:23.820079-04:00 Creating OMS | Mode=SIMULATION
[WARNING] [SIMULATION] 2026-06-29 20:56:23.820775-04:00 #################################
####### SIMULATION MODE ########
#################################
[WARNING] [SIMULATION] 2026-06-29 20:56:23.823630-04:00 Creating Market Data Service | Mode=SIMULATION
[WARNING] [SIMULATION] 2026-06-29 20:56:23.824255-04:00 Using Simulation Market Data
[WARNING] [SIMULATION] 2026-06-29 20:56:23.826426-04:00 Broker Reconciliation Disabled For Simulation Runtime
[WARNING] [SIMULATION] 2026-06-29 20:56:23.841131-04:00 Starting Simulation Market | Symbols=['MSFT', 'AAPL', 'NVDA']
[WARNING] [SIMULATION] 2026-06-29 20:56:23.850516-04:00 FASTAPI Runtime Mode | SIMULATION
[WARNING] [SIMULATION] 2026-06-29 20:56:26.863607-04:00 Platform Fully Started
[WARNING] [SIMULATION] 2026-06-29 20:56:26.865079-04:00 FastAPI: http://127.0.0.1:8000
[WARNING] [SIMULATION] 2026-06-29 20:56:26.866344-04:00 Dashboard: http://127.0.0.1:8501
[WARNING] [SIMULATION] 2026-06-29 20:56:52.061384-04:00 System Interrupted
[WARNING] [SIMULATION] 2026-06-29 20:56:52.063733-04:00 Dashboard Stopped
[WARNING] [SIMULATION] 2026-06-29 20:56:52.065462-04:00 Runtime Shutdown Started
[WARNING] [SIMULATION] 2026-06-29 20:56:52.066202-04:00 Execution Worker Halted
[WARNING] [SIMULATION] 2026-06-29 20:56:52.066880-04:00 Simulation Market Generator Stopped
[WARNING] [SIMULATION] 2026-06-29 20:56:52.068425-04:00 Runtime Shutdown Complete
[WARNING] [SIMULATION] 2026-06-29 20:56:52.069175-04:00 Runtime Shutdown Complete
[WARNING] [SIMULATION] 2026-06-29 20:56:52.070605-04:00 WebSocket Disconnected | Clients=0
[WARNING] [SIMULATION] 2026-06-29 20:56:52.070847-04:00 Platform Shutdown Complete
[WARNING] [SIMULATION] 2026-06-29 23:12:13.184731-04:00 Launching Trading Runtime
[WARNING] [SIMULATION] 2026-06-29 23:12:13.188214-04:00 Bootstrapping Runtime | Mode=SIMULATION
[WARNING] [SIMULATION] 2026-06-29 23:12:13.204673-04:00 Creating OMS | Mode=SIMULATION
[WARNING] [SIMULATION] 2026-06-29 23:12:13.205695-04:00 #################################
####### SIMULATION MODE ########
#################################
[WARNING] [SIMULATION] 2026-06-29 23:12:13.208872-04:00 Creating Market Data Service | Mode=SIMULATION
[WARNING] [SIMULATION] 2026-06-29 23:12:13.209584-04:00 Using Simulation Market Data
[WARNING] [SIMULATION] 2026-06-29 23:12:13.212502-04:00 Broker Reconciliation Disabled For Simulation Runtime
[WARNING] [SIMULATION] 2026-06-29 23:12:13.232631-04:00 Starting Simulation Market | Symbols=['AAPL', 'NVDA', 'MSFT']
[WARNING] [SIMULATION] 2026-06-29 23:12:13.246274-04:00 FASTAPI Runtime Mode | SIMULATION
[WARNING] [SIMULATION] 2026-06-29 23:12:16.264350-04:00 Platform Fully Started
[WARNING] [SIMULATION] 2026-06-29 23:12:16.266825-04:00 FastAPI: http://127.0.0.1:8000
[WARNING] [SIMULATION] 2026-06-29 23:12:16.270597-04:00 Dashboard: http://127.0.0.1:8501
[WARNING] [SIMULATION] 2026-06-29 23:15:11.254946-04:00 Risk Rejected | Order size exceeds limit
[WARNING] [SIMULATION] 2026-06-29 23:15:21.295464-04:00 Risk Rejected | Order size exceeds limit
[WARNING] [SIMULATION] 2026-06-29 23:15:31.365795-04:00 Liquidity Check Failed | NVDA
[WARNING] [SIMULATION] 2026-06-29 23:15:31.368976-04:00 Execution Slice Failed | 3/5
[WARNING] [SIMULATION] 2026-06-29 23:15:31.501798-04:00 Liquidity Check Failed | NVDA
[WARNING] [SIMULATION] 2026-06-29 23:15:31.504461-04:00 Execution Slice Failed | 1/5
[WARNING] [SIMULATION] 2026-06-29 23:20:23.422113-04:00 System Interrupted
[WARNING] [SIMULATION] 2026-06-29 23:20:23.423849-04:00 Dashboard Stopped
[WARNING] [SIMULATION] 2026-06-29 23:20:23.426481-04:00 Runtime Shutdown Started
[WARNING] [SIMULATION] 2026-06-29 23:20:23.430993-04:00 Execution Worker Halted
[WARNING] [SIMULATION] 2026-06-29 23:20:23.431941-04:00 Simulation Market Generator Stopped
[WARNING] [SIMULATION] 2026-06-29 23:20:23.440203-04:00 WebSocket Disconnected | Clients=0
[WARNING] [SIMULATION] 2026-06-29 23:20:23.441493-04:00 Runtime Shutdown Complete
[WARNING] [SIMULATION] 2026-06-29 23:20:23.444420-04:00 Runtime Shutdown Complete
[WARNING] [SIMULATION] 2026-06-29 23:20:23.446009-04:00 Platform Shutdown Complete
[WARNING] [SIMULATION] 2026-06-29 23:26:43.713342-04:00 Launching Trading Runtime
[WARNING] [SIMULATION] 2026-06-29 23:26:43.718732-04:00 Bootstrapping Runtime | Mode=SIMULATION
[WARNING] [SIMULATION] 2026-06-29 23:26:43.735186-04:00 Creating OMS | Mode=SIMULATION
[WARNING] [SIMULATION] 2026-06-29 23:26:43.735825-04:00 #################################
####### SIMULATION MODE ########
#################################
[WARNING] [SIMULATION] 2026-06-29 23:26:43.739486-04:00 Creating Market Data Service | Mode=SIMULATION
[WARNING] [SIMULATION] 2026-06-29 23:26:43.740441-04:00 Using Simulation Market Data
[WARNING] [SIMULATION] 2026-06-29 23:26:43.744086-04:00 Broker Reconciliation Disabled For Simulation Runtime
[WARNING] [SIMULATION] 2026-06-29 23:26:43.767473-04:00 Starting Simulation Market | Symbols=['NVDA', 'AAPL', 'MSFT']
[WARNING] [SIMULATION] 2026-06-29 23:26:43.780050-04:00 FASTAPI Runtime Mode | SIMULATION
[WARNING] [SIMULATION] 2026-06-29 23:26:46.787201-04:00 Platform Fully Started
[WARNING] [SIMULATION] 2026-06-29 23:26:46.789455-04:00 FastAPI: http://127.0.0.1:8000
[WARNING] [SIMULATION] 2026-06-29 23:26:46.792271-04:00 Dashboard: http://127.0.0.1:8501
[WARNING] [SIMULATION] 2026-06-30 03:08:59.606088-04:00 System Interrupted
[WARNING] [SIMULATION] 2026-06-30 03:08:59.608076-04:00 Dashboard Stopped
[WARNING] [SIMULATION] 2026-06-30 03:08:59.609697-04:00 Runtime Shutdown Started
[WARNING] [SIMULATION] 2026-06-30 03:08:59.611003-04:00 Execution Worker Halted
[WARNING] [SIMULATION] 2026-06-30 03:08:59.612896-04:00 Simulation Market Generator Stopped
[WARNING] [SIMULATION] 2026-06-30 03:08:59.617014-04:00 WebSocket Disconnected | Clients=0
[WARNING] [SIMULATION] 2026-06-30 03:08:59.621822-04:00 Runtime Shutdown Complete
[WARNING] [SIMULATION] 2026-06-30 03:08:59.623663-04:00 Runtime Shutdown Complete
[WARNING] [SIMULATION] 2026-06-30 03:08:59.624939-04:00 Platform Shutdown Complete
[WARNING] [SIMULATION] 2026-06-30 03:23:56.605591-04:00 Bootstrapping Runtime | Mode=SIMULATION
[WARNING] [SIMULATION] 2026-06-30 03:23:56.644063-04:00 Creating OMS | Mode=SIMULATION
[WARNING] [SIMULATION] 2026-06-30 03:23:56.644914-04:00 #################################
####### SIMULATION MODE ########
#################################
[WARNING] [SIMULATION] 2026-06-30 03:23:56.655120-04:00 Creating Market Data Service | Mode=SIMULATION
[WARNING] [SIMULATION] 2026-06-30 03:23:56.656252-04:00 Using Simulation Market Data
[WARNING] [SIMULATION] 2026-06-30 03:23:56.659308-04:00 Broker Reconciliation Disabled For Simulation Runtime
[WARNING] [SIMULATION] 2026-06-30 03:23:56.677459-04:00 Starting Simulation Market | Symbols=['NVDA', 'AAPL', 'MSFT']
[WARNING] [SIMULATION] 2026-06-30 03:23:56.688547-04:00 FASTAPI Runtime Mode | SIMULATION
[WARNING] [SIMULATION] 2026-06-30 03:23:59.700345-04:00 Platform Fully Started
[WARNING] [SIMULATION] 2026-06-30 03:23:59.701708-04:00 FastAPI: http://127.0.0.1:8000
[WARNING] [SIMULATION] 2026-06-30 03:23:59.705733-04:00 Dashboard: http://127.0.0.1:8501
[WARNING] [SIMULATION] 2026-06-30 03:24:03.397444-04:00 System Interrupted
[WARNING] [SIMULATION] 2026-06-30 03:24:03.398921-04:00 Dashboard Stopped
[WARNING] [SIMULATION] 2026-06-30 03:24:03.400009-04:00 Runtime Shutdown Started
[WARNING] [SIMULATION] 2026-06-30 03:24:03.400959-04:00 Execution Worker Halted
[WARNING] [SIMULATION] 2026-06-30 03:24:03.401844-04:00 Simulation Market Generator Stopped
[WARNING] [SIMULATION] 2026-06-30 03:24:03.410720-04:00 Runtime Shutdown Complete
[WARNING] [SIMULATION] 2026-06-30 03:24:03.412064-04:00 Runtime Shutdown Complete
[WARNING] [SIMULATION] 2026-06-30 03:24:03.413513-04:00 Platform Shutdown Complete
[WARNING] [SIMULATION] 2026-07-07 23:53:15.702906-04:00 Bootstrapping Runtime | Mode=SIMULATION
[WARNING] [SIMULATION] 2026-07-07 23:53:15.733288-04:00 Creating OMS | Mode=SIMULATION
[WARNING] [SIMULATION] 2026-07-07 23:53:15.734019-04:00 #################################
####### SIMULATION MODE ########
#################################
[WARNING] [SIMULATION] 2026-07-07 23:53:15.739086-04:00 Creating Market Data Service | Mode=SIMULATION
[WARNING] [SIMULATION] 2026-07-07 23:53:15.740050-04:00 Using Simulation Market Data
[WARNING] [SIMULATION] 2026-07-07 23:53:15.743368-04:00 Broker Reconciliation Disabled For Simulation Runtime
[WARNING] [SIMULATION] 2026-07-07 23:53:15.765396-04:00 Starting Simulation Market | Symbols=['AAPL', 'NVDA', 'MSFT']
[WARNING] [SIMULATION] 2026-07-07 23:53:15.778476-04:00 FASTAPI Runtime Mode | SIMULATION
[WARNING] [SIMULATION] 2026-07-07 23:53:18.788947-04:00 Platform Fully Started
[WARNING] [SIMULATION] 2026-07-07 23:53:18.790291-04:00 FastAPI: http://127.0.0.1:8000
[WARNING] [SIMULATION] 2026-07-07 23:53:18.792097-04:00 Dashboard: http://127.0.0.1:8501
[WARNING] [SIMULATION] 2026-07-07 23:55:25.603166-04:00 Liquidity Check Failed | NVDA
[WARNING] [SIMULATION] 2026-07-07 23:55:25.605397-04:00 Execution Slice Failed | 1/5
[WARNING] [SIMULATION] 2026-07-07 23:59:42.686530-04:00 System Interrupted
[WARNING] [SIMULATION] 2026-07-07 23:59:42.688879-04:00 Dashboard Stopped
[WARNING] [SIMULATION] 2026-07-07 23:59:42.690706-04:00 Runtime Shutdown Started
[WARNING] [SIMULATION] 2026-07-07 23:59:42.691907-04:00 Execution Worker Halted
[WARNING] [SIMULATION] 2026-07-07 23:59:42.692741-04:00 Simulation Market Generator Stopped
[WARNING] [SIMULATION] 2026-07-07 23:59:42.695192-04:00 Runtime Shutdown Complete
[WARNING] [SIMULATION] 2026-07-07 23:59:42.696128-04:00 Runtime Shutdown Complete
[WARNING] [SIMULATION] 2026-07-07 23:59:42.697154-04:00 Platform Shutdown Complete
